<?xml version="1.0" encoding="UTF-8"?>
<testsuite name="org.example.RegistrationControllerTest" tests="1" skipped="0" failures="0" errors="0" timestamp="2024-05-03T12:25:04" hostname="LAPTOP-M1U2VU64" time="0.947">
  <properties/>
  <testcase name="getUsers()" classname="org.example.RegistrationControllerTest" time="0.947"/>
  <system-out><![CDATA[]]></system-out>
  <system-err><![CDATA[]]></system-err>
</testsuite>
