<?xml version="1.0" encoding="UTF-8"?>
<testsuite name="org.example.Task13Test" tests="1" skipped="0" failures="0" errors="0" timestamp="2024-04-16T19:36:18" hostname="LAPTOP-M1U2VU64" time="0.753">
  <properties/>
  <testcase name="contextLoads()" classname="org.example.Task13Test" time="0.753"/>
  <system-out><![CDATA[22:36:17.745 [Test worker] INFO org.springframework.test.context.support.AnnotationConfigContextLoaderUtils -- Could not detect default configuration classes for test class [org.example.Task13Test]: Task13Test does not declare any static, non-private, non-final, nested classes annotated with @Configuration.
22:36:17.837 [Test worker] INFO org.springframework.boot.test.context.SpringBootTestContextBootstrapper -- Found @SpringBootConfiguration org.example.Task13 for test class org.example.Task13Test

  .   ____          _            __ _ _
 /\\ / ___'_ __ _ _(_)_ __  __ _ \ \ \ \
( ( )\___ | '_ | '_| | '_ \/ _` | \ \ \ \
 \\/  ___)| |_)| | | | | || (_| |  ) ) ) )
  '  |____| .__|_| |_|_| |_\__, | / / / /
 =========|_|==============|___/=/_/_/_/
 :: Spring Boot ::                (v3.2.4)

2024-04-16T22:36:18.314+03:00  INFO 20184 --- [    Test worker] org.example.Task13Test                   : Starting Task13Test using Java 19.0.2 with PID 20184 (started by eliza in C:\Users\eliza\IdeaProjects\Java-4sem\pract_13)
2024-04-16T22:36:18.315+03:00  INFO 20184 --- [    Test worker] org.example.Task13Test                   : No active profile set, falling back to 1 default profile: "default"
Name: Elizaveta
Lastname: Gornovova
Group: IKBO-20-22
2024-04-16T22:36:18.947+03:00  INFO 20184 --- [    Test worker] org.example.Task13Test                   : Started Task13Test in 0.926 seconds (process running for 2.085)
]]></system-out>
  <system-err><![CDATA[]]></system-err>
</testsuite>
