<?xml version="1.0" encoding="UTF-8"?>
<testsuite name="org.example.Task23Test" tests="1" skipped="0" failures="0" errors="0" timestamp="2024-05-02T17:07:07" hostname="LAPTOP-M1U2VU64" time="0.449">
  <properties/>
  <testcase name="contextLoads()" classname="org.example.Task23Test" time="0.449"/>
  <system-out><![CDATA[20:07:03.192 [Test worker] INFO org.springframework.test.context.support.AnnotationConfigContextLoaderUtils -- Could not detect default configuration classes for test class [org.example.Task23Test]: Task23Test does not declare any static, non-private, non-final, nested classes annotated with @Configuration.
20:07:03.331 [Test worker] INFO org.springframework.boot.test.context.SpringBootTestContextBootstrapper -- Found @SpringBootConfiguration org.example.Task23 for test class org.example.Task23Test

  .   ____          _            __ _ _
 /\\ / ___'_ __ _ _(_)_ __  __ _ \ \ \ \
( ( )\___ | '_ | '_| | '_ \/ _` | \ \ \ \
 \\/  ___)| |_)| | | | | || (_| |  ) ) ) )
  '  |____| .__|_| |_|_| |_\__, | / / / /
 =========|_|==============|___/=/_/_/_/
 :: Spring Boot ::                (v3.2.0)

2024-05-02T20:07:03.862+03:00  INFO 38516 --- [    Test worker] org.example.Task23Test                   : Starting Task23Test using Java 19.0.2 with PID 38516 (started by eliza in C:\Users\eliza\IdeaProjects\Java-4sem\pract_23_new)
2024-05-02T20:07:03.863+03:00  INFO 38516 --- [    Test worker] org.example.Task23Test                   : No active profile set, falling back to 1 default profile: "default"
2024-05-02T20:07:04.358+03:00  INFO 38516 --- [    Test worker] .s.d.r.c.RepositoryConfigurationDelegate : Bootstrapping Spring Data JPA repositories in DEFAULT mode.
2024-05-02T20:07:04.416+03:00  INFO 38516 --- [    Test worker] .s.d.r.c.RepositoryConfigurationDelegate : Finished Spring Data repository scanning in 47 ms. Found 1 JPA repository interface.
2024-05-02T20:07:05.026+03:00  INFO 38516 --- [    Test worker] com.zaxxer.hikari.HikariDataSource       : HikariPool-1 - Starting...
2024-05-02T20:07:05.334+03:00  INFO 38516 --- [    Test worker] com.zaxxer.hikari.pool.HikariPool        : HikariPool-1 - Added connection com.mysql.cj.jdbc.ConnectionImpl@c97721b
2024-05-02T20:07:05.335+03:00  INFO 38516 --- [    Test worker] com.zaxxer.hikari.HikariDataSource       : HikariPool-1 - Start completed.
2024-05-02T20:07:05.409+03:00  INFO 38516 --- [    Test worker] org.hibernate.Version                    : HHH000412: Hibernate ORM core version 6.4.4.Final
2024-05-02T20:07:05.469+03:00  INFO 38516 --- [    Test worker] o.h.c.internal.RegionFactoryInitiator    : HHH000026: Second-level cache disabled
2024-05-02T20:07:05.679+03:00  WARN 38516 --- [    Test worker] org.hibernate.orm.deprecation            : HHH90000025: MySQL8Dialect does not need to be specified explicitly using 'hibernate.dialect' (remove the property setting and it will be selected by default)
2024-05-02T20:07:05.680+03:00  WARN 38516 --- [    Test worker] org.hibernate.orm.deprecation            : HHH90000026: MySQL8Dialect has been deprecated; use org.hibernate.dialect.MySQLDialect instead
2024-05-02T20:07:06.515+03:00  INFO 38516 --- [    Test worker] o.h.e.t.j.p.i.JtaPlatformInitiator       : HHH000489: No JTA platform available (set 'hibernate.transaction.jta.platform' to enable JTA platform integration)
2024-05-02T20:07:06.993+03:00  WARN 38516 --- [    Test worker] JpaBaseConfiguration$JpaWebConfiguration : spring.jpa.open-in-view is enabled by default. Therefore, database queries may be performed during view rendering. Explicitly configure spring.jpa.open-in-view to disable this warning
2024-05-02T20:07:07.412+03:00  INFO 38516 --- [    Test worker] o.s.s.web.DefaultSecurityFilterChain     : Will secure any request with [org.springframework.security.web.session.DisableEncodeUrlFilter@4b8c9729, org.springframework.security.web.context.request.async.WebAsyncManagerIntegrationFilter@1ae26c59, org.springframework.security.web.context.SecurityContextHolderFilter@21ebf9be, org.springframework.security.web.header.HeaderWriterFilter@5f5076f9, org.springframework.web.filter.CorsFilter@15ade272, org.springframework.security.web.csrf.CsrfFilter@40c92dfa, org.springframework.security.web.authentication.logout.LogoutFilter@3d96b8fb, org.springframework.security.web.authentication.UsernamePasswordAuthenticationFilter@47a90d2a, org.springframework.security.web.savedrequest.RequestCacheAwareFilter@7860a014, org.springframework.security.web.servletapi.SecurityContextHolderAwareRequestFilter@86e8469, org.springframework.security.web.authentication.AnonymousAuthenticationFilter@225890bc, org.springframework.security.web.access.ExceptionTranslationFilter@77902ed6, org.springframework.security.web.access.intercept.AuthorizationFilter@78d52d4c]
2024-05-02T20:07:07.780+03:00  WARN 38516 --- [    Test worker] .s.s.UserDetailsServiceAutoConfiguration : 

Using generated security password: a84a2038-5f8f-49cd-a5b8-4fce2f76ff56

This generated password is for development use only. Your security configuration must be updated before running your application in production.

2024-05-02T20:07:07.838+03:00  INFO 38516 --- [    Test worker] org.example.Task23Test                   : Started Task23Test in 4.31 seconds (process running for 5.631)
]]></system-out>
  <system-err><![CDATA[]]></system-err>
</testsuite>
